<?xml version="1.0" encoding="UTF-8"?>
<testng-results ignored="0" total="1" passed="1" failed="0" skipped="0">
  <reporter-output>
  </reporter-output>
  <suite started-at="2020-08-27T15:56:09 IST" name="Default suite" finished-at="2020-08-27T15:56:22 IST" duration-ms="13120">
    <groups>
    </groups>
    <test started-at="2020-08-27T15:56:09 IST" name="Default test" finished-at="2020-08-27T15:56:22 IST" duration-ms="13120">
      <class name="testcases.TC_001">
        <test-method signature="tc_1()[pri:0, instance:testcases.TC_001@6b19b79]" started-at="2020-08-27T15:56:09 IST" name="tc_1" finished-at="2020-08-27T15:56:22 IST" duration-ms="13070" status="PASS">
          <reporter-output>
          </reporter-output>
        </test-method> <!-- tc_1 -->
      </class> <!-- testcases.TC_001 -->
    </test> <!-- Default test -->
  </suite> <!-- Default suite -->
</testng-results>
